0 info it worked if it ends with ok
1 verbose cli [ '/usr/local/bin/node',
1 verbose cli   '/usr/local/bin/npm',
1 verbose cli   'install',
1 verbose cli   'twilio',
1 verbose cli   '@3.0.0-edge' ]
2 info using npm@3.10.10
3 info using node@v6.11.0
4 silly loadCurrentTree Starting
5 silly install loadCurrentTree
6 silly install readLocalPackageData
7 silly fetchPackageMetaData twilio@3.0.0-edge
8 silly fetchPackageMetaData @3.0.0-edge
9 silly fetchNamedPackageData twilio
10 silly mapToRegistry name twilio
11 silly mapToRegistry using default registry
12 silly mapToRegistry registry https://registry.npmjs.org/
13 silly mapToRegistry data Result {
13 silly mapToRegistry   raw: 'twilio',
13 silly mapToRegistry   scope: null,
13 silly mapToRegistry   escapedName: 'twilio',
13 silly mapToRegistry   name: 'twilio',
13 silly mapToRegistry   rawSpec: '',
13 silly mapToRegistry   spec: 'latest',
13 silly mapToRegistry   type: 'tag' }
14 silly mapToRegistry uri https://registry.npmjs.org/twilio
15 silly fetchOtherPackageData @3.0.0-edge
16 silly cache add args [ '@3.0.0-edge', null ]
17 verbose cache add spec @3.0.0-edge
18 silly cache add parsed spec Result {
18 silly cache add   raw: '@3.0.0-edge',
18 silly cache add   scope: null,
18 silly cache add   escapedName: null,
18 silly cache add   name: null,
18 silly cache add   rawSpec: '@3.0.0-edge',
18 silly cache add   spec: '/Users/ankushrishi/Projects/Meteor/PoolGame/@3.0.0-edge',
18 silly cache add   type: 'local' }
19 error addLocal Could not install /Users/ankushrishi/Projects/Meteor/PoolGame/@3.0.0-edge
20 silly fetchPackageMetaData Error: ENOENT: no such file or directory, open '/Users/ankushrishi/Projects/Meteor/PoolGame/@3.0.0-edge'
20 silly fetchPackageMetaData     at Error (native)
20 silly fetchPackageMetaData  error for @3.0.0-edge { Error: ENOENT: no such file or directory, open '/Users/ankushrishi/Projects/Meteor/PoolGame/@3.0.0-edge'
20 silly fetchPackageMetaData     at Error (native)
20 silly fetchPackageMetaData   errno: -2,
20 silly fetchPackageMetaData   code: 'ENOENT',
20 silly fetchPackageMetaData   syscall: 'open',
20 silly fetchPackageMetaData   path: '/Users/ankushrishi/Projects/Meteor/PoolGame/@3.0.0-edge' }
21 verbose get https://registry.npmjs.org/twilio not expired, no request
22 silly rollbackFailedOptional Starting
23 silly rollbackFailedOptional Finishing
24 silly runTopLevelLifecycles Finishing
25 silly install printInstalled
26 verbose stack Error: ENOENT: no such file or directory, open '/Users/ankushrishi/Projects/Meteor/PoolGame/@3.0.0-edge'
26 verbose stack     at Error (native)
27 verbose cwd /Users/ankushrishi/Projects/Meteor/PoolGame
28 error Darwin 15.6.0
29 error argv "/usr/local/bin/node" "/usr/local/bin/npm" "install" "twilio" "@3.0.0-edge"
30 error node v6.11.0
31 error npm  v3.10.10
32 error path /Users/ankushrishi/Projects/Meteor/PoolGame/@3.0.0-edge
33 error code ENOENT
34 error errno -2
35 error syscall open
36 error enoent ENOENT: no such file or directory, open '/Users/ankushrishi/Projects/Meteor/PoolGame/@3.0.0-edge'
37 error enoent ENOENT: no such file or directory, open '/Users/ankushrishi/Projects/Meteor/PoolGame/@3.0.0-edge'
37 error enoent This is most likely not a problem with npm itself
37 error enoent and is related to npm not being able to find a file.
38 verbose exit [ -2, true ]
